<?xml version="1.0" encoding="UTF-8"?>
<!-- Generated by org.testng.reporters.JUnitReportReporter -->
<testsuite hostname="LAPTOP-NR7AARSV" failures="0" tests="2" name="TestNG" time="0.006" errors="0" timestamp="2022-01-18T20:35:52 IST" skipped="0">
  <testcase classname="TestNG" name="Aetup" time="0.006"/>
  <system-out/>
  <testcase classname="TestNG" name="A" time="0.000"/>
  <system-out/>
</testsuite> <!-- TestNG -->
