<?xml version="1.0" encoding="UTF-8"?>
<!-- Generated by org.testng.reporters.JUnitReportReporter -->
<testsuite hostname="LAPTOP-NR7AARSV" failures="0" tests="1" name="com.sdet2.day1.IccWebTable" time="29.308" errors="0" timestamp="2021-12-23T12:27:45 IST" skipped="0">
  <testcase classname="com.sdet2.day1.IccWebTable" name="lenskarttext" time="29.308"/>
  <system-out/>
</testsuite> <!-- com.sdet2.day1.IccWebTable -->
