<?xml version="1.0" encoding="UTF-8"?>
<!-- Generated by org.testng.reporters.JUnitReportReporter -->
<testsuite hostname="LAPTOP-NR7AARSV" failures="0" tests="1" name="com.vtiger.organization.Tc003_CreateContactusingOrganizationName_Test" time="33.644" errors="0" timestamp="2022-01-20T13:30:56 IST" skipped="0">
  <testcase classname="com.vtiger.organization.Tc003_CreateContactusingOrganizationName_Test" name="createorganzizationwithcontact" time="33.644"/>
  <system-out/>
</testsuite> <!-- com.vtiger.organization.Tc003_CreateContactusingOrganizationName_Test -->
