<?xml version="1.0" encoding="UTF-8"?>
<!-- Generated by org.testng.reporters.JUnitReportReporter -->
<testsuite hostname="LAPTOP-NR7AARSV" failures="0" tests="1" name="com.jdbc.connections.ExecuteQueryTest" time="0.217" errors="0" timestamp="2021-12-07T13:31:28 IST" skipped="0">
  <testcase classname="com.jdbc.connections.ExecuteQueryTest" name="executeQueryTest" time="0.217"/>
  <system-out/>
</testsuite> <!-- com.jdbc.connections.ExecuteQueryTest -->
