<?xml version="1.0" encoding="UTF-8"?>
<!-- Generated by org.testng.reporters.JUnitReportReporter -->
<testsuite hostname="LAPTOP-NR7AARSV" failures="0" tests="1" name="com.sdet2.day1.SampleTest" time="5.836" errors="0" timestamp="2021-12-10T12:21:53 IST" skipped="0">
  <testcase classname="com.sdet2.day1.SampleTest" name="pass_parameter" time="5.836"/>
  <system-out/>
</testsuite> <!-- com.sdet2.day1.SampleTest -->
