<?xml version="1.0" encoding="UTF-8"?>
<!-- Generated by org.testng.reporters.JUnitReportReporter -->
<testsuite hostname="LAPTOP-NR7AARSV" failures="0" tests="1" name="com.jdbc.connections.ExecuteQueryTest" time="0.246" errors="0" timestamp="2022-01-25T22:05:46 IST" skipped="0">
  <testcase classname="com.jdbc.connections.ExecuteQueryTest" name="executeQueryTest" time="0.246"/>
  <system-out/>
</testsuite> <!-- com.jdbc.connections.ExecuteQueryTest -->
