<?xml version="1.0" encoding="UTF-8"?>
<!-- Generated by org.testng.reporters.JUnitReportReporter -->
<testsuite hostname="LAPTOP-NR7AARSV" failures="0" tests="1" name="com.vtiger.organization.Tc003_CreateContactusingOrganizationName_Test" time="34.865" errors="0" timestamp="2021-12-08T11:53:35 IST" skipped="0">
  <testcase classname="com.vtiger.organization.Tc003_CreateContactusingOrganizationName_Test" name="createorganzizationwithcontact" time="34.865"/>
  <system-out/>
</testsuite> <!-- com.vtiger.organization.Tc003_CreateContactusingOrganizationName_Test -->
