<?xml version="1.0" encoding="UTF-8"?>
<!-- Generated by org.testng.reporters.JUnitReportReporter -->
<testsuite hostname="LAPTOP-NR7AARSV" failures="0" tests="1" name="com.vtiger.organization.Tc003_CreateContactusingOrganizationName_Test" time="31.669" errors="0" timestamp="2021-12-16T11:58:01 IST" skipped="0">
  <testcase classname="com.vtiger.organization.Tc003_CreateContactusingOrganizationName_Test" name="createorganzizationwithcontact" time="31.669"/>
  <system-out/>
</testsuite> <!-- com.vtiger.organization.Tc003_CreateContactusingOrganizationName_Test -->
