<?xml version="1.0" encoding="UTF-8"?>
<!-- Generated by org.testng.reporters.JUnitReportReporter -->
<testsuite hostname="LAPTOP-NR7AARSV" failures="0" tests="1" name="com.vtiger.organization.Tc001_Createorganisation_Test" time="21.103" errors="0" timestamp="2021-12-16T11:56:19 IST" skipped="0">
  <testcase classname="com.vtiger.organization.Tc001_Createorganisation_Test" name="createOrganphone" time="21.103"/>
  <system-out/>
</testsuite> <!-- com.vtiger.organization.Tc001_Createorganisation_Test -->
