<?xml version="1.0" encoding="UTF-8"?>
<!-- Generated by org.testng.reporters.JUnitReportReporter -->
<testsuite hostname="LAPTOP-NR7AARSV" failures="0" tests="1" name="com.vtiger.organization.Tc002_Createorganizationbydropdown_Test" time="22.884" errors="0" timestamp="2021-12-16T11:57:14 IST" skipped="0">
  <testcase classname="com.vtiger.organization.Tc002_Createorganizationbydropdown_Test" name="createOrgdropdown" time="22.884"/>
  <system-out/>
</testsuite> <!-- com.vtiger.organization.Tc002_Createorganizationbydropdown_Test -->
