<?xml version="1.0" encoding="UTF-8"?>
<!-- Generated by org.testng.reporters.JUnitReportReporter -->
<testsuite hostname="LAPTOP-NR7AARSV" failures="0" tests="1" name="com.sdet2.day1.MakeMyTripTest" time="10.125" errors="0" timestamp="2021-12-21T22:47:23 IST" skipped="0">
  <testcase classname="com.sdet2.day1.MakeMyTripTest" name="calender" time="10.125"/>
  <system-out/>
</testsuite> <!-- com.sdet2.day1.MakeMyTripTest -->
