<?xml version="1.0" encoding="UTF-8"?>
<!-- Generated by org.testng.reporters.JUnitReportReporter -->
<testsuite hostname="LAPTOP-NR7AARSV" failures="0" tests="1" name="com.sdet2.day1.VtigerWebTable" time="12.566" errors="0" timestamp="2021-12-22T22:01:41 IST" skipped="0">
  <testcase classname="com.sdet2.day1.VtigerWebTable" name="orgPresent" time="12.566"/>
  <system-out/>
</testsuite> <!-- com.sdet2.day1.VtigerWebTable -->
